[00:14:51] [ServerMain/INFO]: Environment: authHost='https://authserver.mojang.com', accountsHost='https://api.mojang.com', sessionHost='https://sessionserver.mojang.com', servicesHost='https://api.minecraftservices.com', name='PROD'
[00:14:54] [ServerMain/WARN]: Ambiguity between arguments [teleport, location] and [teleport, destination] with inputs: [0.1 -0.5 .9, 0 0 0]
[00:14:54] [ServerMain/WARN]: Ambiguity between arguments [teleport, location] and [teleport, targets] with inputs: [0.1 -0.5 .9, 0 0 0]
[00:14:54] [ServerMain/WARN]: Ambiguity between arguments [teleport, destination] and [teleport, targets] with inputs: [Player, 0123, @e, dd12be42-52a9-4a91-a8a1-11c01849e498]
[00:14:54] [ServerMain/WARN]: Ambiguity between arguments [teleport, targets] and [teleport, destination] with inputs: [Player, 0123, dd12be42-52a9-4a91-a8a1-11c01849e498]
[00:14:54] [ServerMain/WARN]: Ambiguity between arguments [teleport, targets, location] and [teleport, targets, destination] with inputs: [0.1 -0.5 .9, 0 0 0]
[00:14:56] [Worker-Main-2/INFO]: Loaded 7 recipes
[00:14:56] [Worker-Main-2/INFO]: Loaded 1141 advancements
[00:14:58] [Server thread/INFO]: Starting minecraft server version 1.18.2
[00:14:58] [Server thread/INFO]: Loading properties
[00:14:58] [Server thread/INFO]: Default game type: SURVIVAL
[00:14:58] [Server thread/INFO]: Generating keypair
[00:14:58] [Server thread/INFO]: Starting Minecraft server on *:25565
[00:14:58] [Server thread/INFO]: Using epoll channel type
[00:14:59] [Server thread/INFO]: Preparing level "world"
[00:15:06] [Server thread/INFO]: Preparing start region for dimension minecraft:overworld
[00:15:09] [Worker-Main-2/INFO]: Preparing spawn area: 0%
[00:15:09] [Worker-Main-2/INFO]: Preparing spawn area: 0%
[00:15:09] [Worker-Main-2/INFO]: Preparing spawn area: 0%
[00:15:09] [Worker-Main-2/INFO]: Preparing spawn area: 0%
[00:15:09] [Worker-Main-2/INFO]: Preparing spawn area: 0%
[00:15:09] [Worker-Main-2/INFO]: Preparing spawn area: 0%
[00:15:09] [Worker-Main-2/INFO]: Preparing spawn area: 0%
[00:15:09] [Worker-Main-2/INFO]: Preparing spawn area: 0%
[00:15:10] [Worker-Main-2/INFO]: Preparing spawn area: 0%
[00:15:10] [Worker-Main-2/INFO]: Preparing spawn area: 0%
[00:15:11] [Worker-Main-2/INFO]: Preparing spawn area: 0%
[00:15:11] [Worker-Main-2/INFO]: Preparing spawn area: 0%
[00:15:12] [Worker-Main-2/INFO]: Preparing spawn area: 0%
[00:15:12] [Worker-Main-2/INFO]: Preparing spawn area: 1%
[00:15:13] [Worker-Main-2/INFO]: Preparing spawn area: 1%
[00:15:13] [Worker-Main-2/INFO]: Preparing spawn area: 7%
[00:15:14] [Worker-Main-2/INFO]: Preparing spawn area: 10%
[00:15:14] [Worker-Main-2/INFO]: Preparing spawn area: 14%
[00:15:15] [Worker-Main-2/INFO]: Preparing spawn area: 26%
[00:15:15] [Worker-Main-2/INFO]: Preparing spawn area: 50%
[00:15:16] [Worker-Main-2/INFO]: Preparing spawn area: 72%
[00:15:16] [Worker-Main-2/INFO]: Preparing spawn area: 93%
[00:15:17] [Server thread/INFO]: Time elapsed: 11693 ms
[00:15:17] [Server thread/INFO]: Done (18.781s)! For help, type "help"
